TN:
SF:src/myClass.js
FN:4,(anonymous_0)
FN:8,(anonymous_1)
FN:11,(anonymous_2)
FN:17,(anonymous_3)
FN:23,(anonymous_4)
FN:24,(anonymous_5)
FN:25,(anonymous_6)
FN:26,(anonymous_7)
FN:31,(anonymous_8)
FN:35,(anonymous_9)
FN:36,(anonymous_10)
FN:40,(anonymous_11)
FN:51,(anonymous_12)
FN:54,(anonymous_13)
FNF:14
FNH:13
FNDA:1,(anonymous_0)
FNDA:3,(anonymous_1)
FNDA:3,(anonymous_2)
FNDA:4,(anonymous_3)
FNDA:1,(anonymous_4)
FNDA:1,(anonymous_5)
FNDA:1,(anonymous_6)
FNDA:1,(anonymous_7)
FNDA:1,(anonymous_8)
FNDA:1,(anonymous_9)
FNDA:1,(anonymous_10)
FNDA:4,(anonymous_11)
FNDA:1,(anonymous_12)
FNDA:0,(anonymous_13)
DA:1,1
DA:5,1
DA:9,3
DA:13,3
DA:14,3
DA:18,4
DA:19,4
DA:20,4
DA:24,1
DA:25,1
DA:27,1
DA:32,1
DA:36,1
DA:37,1
DA:38,1
DA:40,1
DA:41,4
DA:42,1
DA:43,1
DA:45,0
DA:49,1
DA:52,1
DA:55,0
DA:60,1
LF:24
LH:22
BRDA:41,0,0,1
BRDA:41,0,1,3
BRDA:42,1,0,1
BRDA:42,1,1,0
BRF:4
BRH:3
end_of_record
